Построение начато 09.05.2016 18:15:51.
     1>Проект "\\profile01\FRW7\kraevayaa\Desktop\application - копия (2)\application\application.vcxproj" в узле 2 (целевые объекты build).
     1>InitializeBuildStatus:
         Создание "Debug\application.unsuccessfulbuild", так как было задано "AlwaysCreate".
       GenerateTargetFrameworkMonikerAttribute:
       Целевой объект "GenerateTargetFrameworkMonikerAttribute" пропускается, так как все выходные файлы актуальны по отношению к входным.
       ClCompile:
         Для всех выходных данных обновления не требуется.
         Для всех выходных данных обновления не требуется.
         Для всех выходных данных обновления не требуется.
       CoreResGen:
         Отсутствуют ресурсы, устаревшие по отношению к файлам своих источников. Пропуск формирования ресурсов.
       ResourceCompile:
         Для всех выходных данных обновления не требуется.
       Link:
         Для всех выходных данных обновления не требуется.
         application.vcxproj -> \\profile01\FRW7\kraevayaa\Desktop\application - копия (2)\Debug\application.exe
       MetaGen:
       Целевой объект "MetaGen" пропускается, так как все выходные файлы актуальны по отношению к входным.
       FinalizeBuildStatus:
         Файл "Debug\application.unsuccessfulbuild" удаляется.
         Обращение к "Debug\application.lastbuildstate".
     1>Построение проекта "\\profile01\FRW7\kraevayaa\Desktop\application - копия (2)\application\application.vcxproj" завершено (целевые объекты build).

Построение успешно завершено.

Затраченное время: 00:00:01.84
