Построение начато 13.05.2016 10:42:27.
     1>Проект "\\profile01\FRW7\kraevayaa\Desktop\application - готовая!!!!!!!2\application\application.vcxproj" в узле 2 (целевые объекты build).
     1>InitializeBuildStatus:
         Создание "Debug\application.unsuccessfulbuild", так как было задано "AlwaysCreate".
       GenerateTargetFrameworkMonikerAttribute:
       Целевой объект "GenerateTargetFrameworkMonikerAttribute" пропускается, так как все выходные файлы актуальны по отношению к входным.
       ClCompile:
         Для всех выходных данных обновления не требуется.
         C:\Program Files\Microsoft Visual Studio 10.0\VC\bin\CL.exe /c /AI"C:\Program Files\Reference Assemblies\Microsoft\Framework\.NETFramework\v4.0" /Zi /clr:pure /nologo /W3 /WX- /Od /Oy- /D WIN32 /D _DEBUG /D _UNICODE /D UNICODE /EHa /MDd /GS /fp:precise /Zc:wchar_t /Zc:forScope /Yu"StdAfx.h" /Fp"Debug\application.pch" /Fo"Debug\\" /Fd"Debug\vc100.pdb" /TP /FU"C:\Program Files\Reference Assemblies\Microsoft\Framework\.NETFramework\v4.0\System.Core.dll" /FU"C:\Program Files\Reference Assemblies\Microsoft\Framework\.NETFramework\v4.0\System.Data.dll" /FU"C:\Program Files\Reference Assemblies\Microsoft\Framework\.NETFramework\v4.0\System.dll" /FU"C:\Program Files\Reference Assemblies\Microsoft\Framework\.NETFramework\v4.0\System.Drawing.dll" /FU"C:\Program Files\Reference Assemblies\Microsoft\Framework\.NETFramework\v4.0\System.Windows.Forms.dll" /FU"C:\Program Files\Reference Assemblies\Microsoft\Framework\.NETFramework\v4.0\System.Xml.dll" /analyze- /errorReport:prompt Form1.cpp /clr:nostdlib 
         Form1.cpp
         Для всех выходных данных обновления не требуется.
       CoreResGen:
         Отсутствуют ресурсы, устаревшие по отношению к файлам своих источников. Пропуск формирования ресурсов.
       ResourceCompile:
         Для всех выходных данных обновления не требуется.
       Link:
         C:\Program Files\Microsoft Visual Studio 10.0\VC\bin\link.exe /ERRORREPORT:PROMPT /OUT:"\\profile01\FRW7\kraevayaa\Desktop\application - готовая!!!!!!!2\Debug\application.exe" /INCREMENTAL /NOLOGO /ASSEMBLYRESOURCE:Debug\application.Form1.resources /ASSEMBLYRESOURCE:Debug\application.table.resources /MANIFEST /ManifestFile:"Debug\application.exe.intermediate.manifest" /MANIFESTUAC:"level='asInvoker' uiAccess='false'" /DEBUG /PDB:"\\profile01\FRW7\kraevayaa\Desktop\application - готовая!!!!!!!2\Debug\application.pdb" /ASSEMBLYDEBUG /SUBSYSTEM:WINDOWS /TLBID:1 /ENTRY:"main" /DYNAMICBASE /FIXED:NO /NXCOMPAT /MACHINE:X86 Debug\app.res
         Debug\application.obj
         Debug\AssemblyInfo.obj
         Debug\Calc.obj
         Debug\Form1.obj
         Debug\stdafx.obj
         Debug\table.obj
         "Debug\.NETFramework,Version=v4.0.AssemblyAttributes.obj"
         application.vcxproj -> \\profile01\FRW7\kraevayaa\Desktop\application - готовая!!!!!!!2\Debug\application.exe
       Manifest:
         C:\Program Files\Microsoft SDKs\Windows\v7.0A\bin\mt.exe /nologo /verbose /outputresource:"\\profile01\FRW7\kraevayaa\Desktop\application - готовая!!!!!!!2\Debug\application.exe;#1" /manifest Debug\application.exe.intermediate.manifest
       FinalizeBuildStatus:
         Файл "Debug\application.unsuccessfulbuild" удаляется.
         Обращение к "Debug\application.lastbuildstate".
     1>Построение проекта "\\profile01\FRW7\kraevayaa\Desktop\application - готовая!!!!!!!2\application\application.vcxproj" завершено (целевые объекты build).

Построение успешно завершено.

Затраченное время: 00:00:05.78
