\\PROFILE01\FRW7\KRAEVAYAA\DESKTOP\APPLICATION - готовая!!!!!!!\APPLICATION\DEBUG\APP.RES
\\PROFILE01\FRW7\KRAEVAYAA\DESKTOP\APPLICATION - готовая!!!!!!!\APPLICATION\DEBUG\APPLICATION.EXE.INTERMEDIATE.MANIFEST
\\PROFILE01\FRW7\KRAEVAYAA\DESKTOP\APPLICATION - готовая!!!!!!!\APPLICATION\DEBUG\APPLICATION.OBJ
\\PROFILE01\FRW7\KRAEVAYAA\DESKTOP\APPLICATION - готовая!!!!!!!\APPLICATION\DEBUG\APPLICATION.PCH
\\PROFILE01\FRW7\KRAEVAYAA\DESKTOP\APPLICATION - ГОТОВАЯ!!!!!!!\APPLICATION\DEBUG\ASSEMBLYINFO.OBJ
\\PROFILE01\FRW7\KRAEVAYAA\DESKTOP\APPLICATION - ГОТОВАЯ!!!!!!!\APPLICATION\DEBUG\CALC.OBJ
\\PROFILE01\FRW7\KRAEVAYAA\DESKTOP\APPLICATION - готовая!!!!!!!\APPLICATION\DEBUG\FORM1.OBJ
\\PROFILE01\FRW7\KRAEVAYAA\DESKTOP\APPLICATION - готовая!!!!!!!\APPLICATION\DEBUG\STDAFX.OBJ
\\PROFILE01\FRW7\KRAEVAYAA\DESKTOP\APPLICATION - ГОТОВАЯ!!!!!!!\APPLICATION\DEBUG\TABLE.OBJ
\\PROFILE01\FRW7\KRAEVAYAA\DESKTOP\APPLICATION - ГОТОВАЯ!!!!!!!\APPLICATION\DEBUG\VC100.PDB
\\PROFILE01\FRW7\KRAEVAYAA\DESKTOP\APPLICATION - готовая!!!!!!!\DEBUG\APPLICATION.EXE
\\PROFILE01\FRW7\KRAEVAYAA\DESKTOP\APPLICATION - готовая!!!!!!!\DEBUG\APPLICATION.ILK
\\PROFILE01\FRW7\KRAEVAYAA\DESKTOP\APPLICATION - ГОТОВАЯ!!!!!!!\DEBUG\APPLICATION.PDB
\\PROFILE01\FRW7\KRAEVAYAA\DESKTOP\APPLICATION - готовая!!!!!!!2\APPLICATION\DEBUG\.NETFRAMEWORK,VERSION=V4.0.ASSEMBLYATTRIBUTES.OBJ
\\PROFILE01\FRW7\KRAEVAYAA\DESKTOP\APPLICATION - готовая!!!!!!!2\APPLICATION\DEBUG\APP.RES
\\PROFILE01\FRW7\KRAEVAYAA\DESKTOP\APPLICATION - готовая!!!!!!!2\APPLICATION\DEBUG\APPLICATION.EXE.INTERMEDIATE.MANIFEST
\\profile01\FRW7\kraevayaa\Desktop\application - готовая!!!!!!!2\application\Debug\application.Form1.resources
\\PROFILE01\FRW7\KRAEVAYAA\DESKTOP\APPLICATION - ГОТОВАЯ!!!!!!!2\APPLICATION\DEBUG\APPLICATION.OBJ
\\PROFILE01\FRW7\KRAEVAYAA\DESKTOP\APPLICATION - готовая!!!!!!!2\APPLICATION\DEBUG\APPLICATION.PCH
\\profile01\FRW7\kraevayaa\Desktop\application - готовая!!!!!!!2\application\Debug\application.table.resources
\\profile01\FRW7\kraevayaa\Desktop\application - готовая!!!!!!!2\application\Debug\application.vcxproj.GenerateResource.Cache
\\profile01\FRW7\kraevayaa\Desktop\application - готовая!!!!!!!2\application\Debug\application.vcxprojResolveAssemblyReference.cache
\\profile01\FRW7\kraevayaa\Desktop\application - готовая!!!!!!!2\application\Debug\application.write.1.tlog
\\PROFILE01\FRW7\KRAEVAYAA\DESKTOP\APPLICATION - готовая!!!!!!!2\APPLICATION\DEBUG\ASSEMBLYINFO.OBJ
\\PROFILE01\FRW7\KRAEVAYAA\DESKTOP\APPLICATION - готовая!!!!!!!2\APPLICATION\DEBUG\CALC.OBJ
\\profile01\FRW7\kraevayaa\Desktop\application - готовая!!!!!!!2\application\Debug\cl.command.1.tlog
\\profile01\FRW7\kraevayaa\Desktop\application - готовая!!!!!!!2\application\Debug\CL.read.1.tlog
\\profile01\FRW7\kraevayaa\Desktop\application - готовая!!!!!!!2\application\Debug\CL.write.1.tlog
\\PROFILE01\FRW7\KRAEVAYAA\DESKTOP\APPLICATION - готовая!!!!!!!2\APPLICATION\DEBUG\FORM1.OBJ
\\profile01\FRW7\kraevayaa\Desktop\application - готовая!!!!!!!2\application\Debug\link.1204.read.1.tlog
\\profile01\FRW7\kraevayaa\Desktop\application - готовая!!!!!!!2\application\Debug\link.1204.write.1.tlog
\\profile01\FRW7\kraevayaa\Desktop\application - готовая!!!!!!!2\application\Debug\link.1204-cvtres.read.1.tlog
\\profile01\FRW7\kraevayaa\Desktop\application - готовая!!!!!!!2\application\Debug\link.1204-cvtres.write.1.tlog
\\profile01\FRW7\kraevayaa\Desktop\application - готовая!!!!!!!2\application\Debug\link.2972.read.1.tlog
\\profile01\FRW7\kraevayaa\Desktop\application - готовая!!!!!!!2\application\Debug\link.2972.write.1.tlog
\\profile01\FRW7\kraevayaa\Desktop\application - готовая!!!!!!!2\application\Debug\link.2972-cvtres.read.1.tlog
\\profile01\FRW7\kraevayaa\Desktop\application - готовая!!!!!!!2\application\Debug\link.2972-cvtres.write.1.tlog
\\profile01\FRW7\kraevayaa\Desktop\application - готовая!!!!!!!2\application\Debug\link.4108.read.1.tlog
\\profile01\FRW7\kraevayaa\Desktop\application - готовая!!!!!!!2\application\Debug\link.4108.write.1.tlog
\\profile01\FRW7\kraevayaa\Desktop\application - готовая!!!!!!!2\application\Debug\link.4108-cvtres.read.1.tlog
\\profile01\FRW7\kraevayaa\Desktop\application - готовая!!!!!!!2\application\Debug\link.4108-cvtres.write.1.tlog
\\profile01\FRW7\kraevayaa\Desktop\application - готовая!!!!!!!2\application\Debug\link.4124.read.1.tlog
\\profile01\FRW7\kraevayaa\Desktop\application - готовая!!!!!!!2\application\Debug\link.4124.write.1.tlog
\\profile01\FRW7\kraevayaa\Desktop\application - готовая!!!!!!!2\application\Debug\link.4124-cvtres.read.1.tlog
\\profile01\FRW7\kraevayaa\Desktop\application - готовая!!!!!!!2\application\Debug\link.4124-cvtres.write.1.tlog
\\profile01\FRW7\kraevayaa\Desktop\application - готовая!!!!!!!2\application\Debug\link.5448.read.1.tlog
\\profile01\FRW7\kraevayaa\Desktop\application - готовая!!!!!!!2\application\Debug\link.5448.write.1.tlog
\\profile01\FRW7\kraevayaa\Desktop\application - готовая!!!!!!!2\application\Debug\link.5448-cvtres.read.1.tlog
\\profile01\FRW7\kraevayaa\Desktop\application - готовая!!!!!!!2\application\Debug\link.5448-cvtres.write.1.tlog
\\profile01\FRW7\kraevayaa\Desktop\application - готовая!!!!!!!2\application\Debug\link.5500.read.1.tlog
\\profile01\FRW7\kraevayaa\Desktop\application - готовая!!!!!!!2\application\Debug\link.5500.write.1.tlog
\\profile01\FRW7\kraevayaa\Desktop\application - готовая!!!!!!!2\application\Debug\link.5500-cvtres.read.1.tlog
\\profile01\FRW7\kraevayaa\Desktop\application - готовая!!!!!!!2\application\Debug\link.5500-cvtres.write.1.tlog
\\profile01\FRW7\kraevayaa\Desktop\application - готовая!!!!!!!2\application\Debug\link.command.1.tlog
\\profile01\FRW7\kraevayaa\Desktop\application - готовая!!!!!!!2\application\Debug\link.read.1.tlog
\\profile01\FRW7\kraevayaa\Desktop\application - готовая!!!!!!!2\application\Debug\link.write.1.tlog
\\profile01\FRW7\kraevayaa\Desktop\application - готовая!!!!!!!2\application\Debug\metagen.read.1.tlog
\\profile01\FRW7\kraevayaa\Desktop\application - готовая!!!!!!!2\application\Debug\metagen.write.1.tlog
\\profile01\FRW7\kraevayaa\Desktop\application - готовая!!!!!!!2\application\Debug\mt.command.1.tlog
\\profile01\FRW7\kraevayaa\Desktop\application - готовая!!!!!!!2\application\Debug\mt.read.1.tlog
\\profile01\FRW7\kraevayaa\Desktop\application - готовая!!!!!!!2\application\Debug\mt.write.1.tlog
\\profile01\FRW7\kraevayaa\Desktop\application - готовая!!!!!!!2\application\Debug\rc.command.1.tlog
\\profile01\FRW7\kraevayaa\Desktop\application - готовая!!!!!!!2\application\Debug\rc.read.1.tlog
\\profile01\FRW7\kraevayaa\Desktop\application - готовая!!!!!!!2\application\Debug\rc.write.1.tlog
\\profile01\FRW7\kraevayaa\Desktop\application - готовая!!!!!!!2\application\Debug\RSAENH.DLL.bi
\\PROFILE01\FRW7\KRAEVAYAA\DESKTOP\APPLICATION - готовая!!!!!!!2\APPLICATION\DEBUG\STDAFX.OBJ
\\PROFILE01\FRW7\KRAEVAYAA\DESKTOP\APPLICATION - готовая!!!!!!!2\APPLICATION\DEBUG\TABLE.OBJ
\\PROFILE01\FRW7\KRAEVAYAA\DESKTOP\APPLICATION - ГОТОВАЯ!!!!!!!2\APPLICATION\DEBUG\VC100.PDB
\\PROFILE01\FRW7\KRAEVAYAA\DESKTOP\APPLICATION - готовая!!!!!!!2\DEBUG\APPLICATION.EXE
\\PROFILE01\FRW7\KRAEVAYAA\DESKTOP\APPLICATION - готовая!!!!!!!2\DEBUG\APPLICATION.ILK
\\PROFILE01\FRW7\KRAEVAYAA\DESKTOP\APPLICATION - ГОТОВАЯ!!!!!!!2\DEBUG\APPLICATION.PDB
