\\PROFILE01\FRW7\KRAEVAYAA\DESKTOP\APPLICATION - готовая!!!!!!!\APPLICATION\DEBUG\.NETFRAMEWORK,VERSION=V4.0.ASSEMBLYATTRIBUTES.OBJ
\\PROFILE01\FRW7\KRAEVAYAA\DESKTOP\APPLICATION - готовая!!!!!!!\APPLICATION\DEBUG\APP.RES
\\PROFILE01\FRW7\KRAEVAYAA\DESKTOP\APPLICATION - готовая!!!!!!!\APPLICATION\DEBUG\APPLICATION.EXE.INTERMEDIATE.MANIFEST
\\profile01\FRW7\kraevayaa\Desktop\application - готовая!!!!!!!\application\Debug\application.Form1.resources
\\PROFILE01\FRW7\KRAEVAYAA\DESKTOP\APPLICATION - готовая!!!!!!!\APPLICATION\DEBUG\APPLICATION.OBJ
\\PROFILE01\FRW7\KRAEVAYAA\DESKTOP\APPLICATION - готовая!!!!!!!\APPLICATION\DEBUG\APPLICATION.PCH
\\profile01\FRW7\kraevayaa\Desktop\application - готовая!!!!!!!\application\Debug\application.table.resources
\\profile01\FRW7\kraevayaa\Desktop\application - готовая!!!!!!!\application\Debug\application.vcxproj.GenerateResource.Cache
\\profile01\FRW7\kraevayaa\Desktop\application - готовая!!!!!!!\application\Debug\application.vcxprojResolveAssemblyReference.cache
\\profile01\FRW7\kraevayaa\Desktop\application - готовая!!!!!!!\application\Debug\application.write.1.tlog
\\PROFILE01\FRW7\KRAEVAYAA\DESKTOP\APPLICATION - ГОТОВАЯ!!!!!!!\APPLICATION\DEBUG\ASSEMBLYINFO.OBJ
\\PROFILE01\FRW7\KRAEVAYAA\DESKTOP\APPLICATION - ГОТОВАЯ!!!!!!!\APPLICATION\DEBUG\CALC.OBJ
\\profile01\FRW7\kraevayaa\Desktop\application - готовая!!!!!!!\application\Debug\cl.command.1.tlog
\\profile01\FRW7\kraevayaa\Desktop\application - готовая!!!!!!!\application\Debug\CL.read.1.tlog
\\profile01\FRW7\kraevayaa\Desktop\application - готовая!!!!!!!\application\Debug\CL.write.1.tlog
\\PROFILE01\FRW7\KRAEVAYAA\DESKTOP\APPLICATION - готовая!!!!!!!\APPLICATION\DEBUG\FORM1.OBJ
\\profile01\FRW7\kraevayaa\Desktop\application - готовая!!!!!!!\application\Debug\link.2476.read.1.tlog
\\profile01\FRW7\kraevayaa\Desktop\application - готовая!!!!!!!\application\Debug\link.2476.write.1.tlog
\\profile01\FRW7\kraevayaa\Desktop\application - готовая!!!!!!!\application\Debug\link.2476-cvtres.read.1.tlog
\\profile01\FRW7\kraevayaa\Desktop\application - готовая!!!!!!!\application\Debug\link.2476-cvtres.write.1.tlog
\\profile01\FRW7\kraevayaa\Desktop\application - готовая!!!!!!!\application\Debug\link.2888.read.1.tlog
\\profile01\FRW7\kraevayaa\Desktop\application - готовая!!!!!!!\application\Debug\link.2888.write.1.tlog
\\profile01\FRW7\kraevayaa\Desktop\application - готовая!!!!!!!\application\Debug\link.2888-cvtres.read.1.tlog
\\profile01\FRW7\kraevayaa\Desktop\application - готовая!!!!!!!\application\Debug\link.2888-cvtres.write.1.tlog
\\profile01\FRW7\kraevayaa\Desktop\application - готовая!!!!!!!\application\Debug\link.3688.read.1.tlog
\\profile01\FRW7\kraevayaa\Desktop\application - готовая!!!!!!!\application\Debug\link.3688.write.1.tlog
\\profile01\FRW7\kraevayaa\Desktop\application - готовая!!!!!!!\application\Debug\link.3688-cvtres.read.1.tlog
\\profile01\FRW7\kraevayaa\Desktop\application - готовая!!!!!!!\application\Debug\link.3688-cvtres.write.1.tlog
\\profile01\FRW7\kraevayaa\Desktop\application - готовая!!!!!!!\application\Debug\link.command.1.tlog
\\profile01\FRW7\kraevayaa\Desktop\application - готовая!!!!!!!\application\Debug\link.read.1.tlog
\\profile01\FRW7\kraevayaa\Desktop\application - готовая!!!!!!!\application\Debug\link.write.1.tlog
\\profile01\FRW7\kraevayaa\Desktop\application - готовая!!!!!!!\application\Debug\metagen.read.1.tlog
\\profile01\FRW7\kraevayaa\Desktop\application - готовая!!!!!!!\application\Debug\metagen.write.1.tlog
\\profile01\FRW7\kraevayaa\Desktop\application - готовая!!!!!!!\application\Debug\mt.command.1.tlog
\\profile01\FRW7\kraevayaa\Desktop\application - готовая!!!!!!!\application\Debug\mt.read.1.tlog
\\profile01\FRW7\kraevayaa\Desktop\application - готовая!!!!!!!\application\Debug\mt.write.1.tlog
\\profile01\FRW7\kraevayaa\Desktop\application - готовая!!!!!!!\application\Debug\rc.command.1.tlog
\\profile01\FRW7\kraevayaa\Desktop\application - готовая!!!!!!!\application\Debug\rc.read.1.tlog
\\profile01\FRW7\kraevayaa\Desktop\application - готовая!!!!!!!\application\Debug\rc.write.1.tlog
\\profile01\FRW7\kraevayaa\Desktop\application - готовая!!!!!!!\application\Debug\RSAENH.DLL.bi
\\PROFILE01\FRW7\KRAEVAYAA\DESKTOP\APPLICATION - готовая!!!!!!!\APPLICATION\DEBUG\STDAFX.OBJ
\\PROFILE01\FRW7\KRAEVAYAA\DESKTOP\APPLICATION - готовая!!!!!!!\APPLICATION\DEBUG\TABLE.OBJ
\\PROFILE01\FRW7\KRAEVAYAA\DESKTOP\APPLICATION - ГОТОВАЯ!!!!!!!\APPLICATION\DEBUG\VC100.PDB
\\PROFILE01\FRW7\KRAEVAYAA\DESKTOP\APPLICATION - готовая!!!!!!!\DEBUG\APPLICATION.EXE
\\PROFILE01\FRW7\KRAEVAYAA\DESKTOP\APPLICATION - готовая!!!!!!!\DEBUG\APPLICATION.ILK
\\PROFILE01\FRW7\KRAEVAYAA\DESKTOP\APPLICATION - ГОТОВАЯ!!!!!!!\DEBUG\APPLICATION.PDB
